0 info it worked if it ends with ok
1 verbose cli [ '/usr/local/bin/node',
1 verbose cli   '/usr/local/bin/npm',
1 verbose cli   'install',
1 verbose cli   'child_process' ]
2 info using npm@2.14.12
3 info using node@v4.2.6
4 verbose install initial load of /Users/zhezhao/C/NodeProjects/NodeJS/package.json
5 verbose installManyTop reading scoped package data from /Users/zhezhao/C/NodeProjects/NodeJS/node_modules/body-parser/package.json
6 verbose installManyTop reading scoped package data from /Users/zhezhao/C/NodeProjects/NodeJS/node_modules/cookie-parser/package.json
7 verbose installManyTop reading scoped package data from /Users/zhezhao/C/NodeProjects/NodeJS/node_modules/express/package.json
8 verbose installManyTop reading scoped package data from /Users/zhezhao/C/NodeProjects/NodeJS/node_modules/multer/package.json
9 verbose readDependencies loading dependencies from /Users/zhezhao/C/NodeProjects/NodeJS/package.json
10 silly cache add args [ 'child_process', null ]
11 verbose cache add spec child_process
12 silly cache add parsed spec Result {
12 silly cache add   raw: 'child_process',
12 silly cache add   scope: null,
12 silly cache add   name: 'child_process',
12 silly cache add   rawSpec: '',
12 silly cache add   spec: 'latest',
12 silly cache add   type: 'tag' }
13 silly addNamed child_process@latest
14 verbose addNamed "latest" is being treated as a dist-tag for child_process
15 info addNameTag [ 'child_process', 'latest' ]
16 silly mapToRegistry name child_process
17 silly mapToRegistry using default registry
18 silly mapToRegistry registry https://registry.npmjs.org/
19 silly mapToRegistry uri https://registry.npmjs.org/child_process
20 verbose addNameTag registry:https://registry.npmjs.org/child_process not in flight; fetching
21 verbose request uri https://registry.npmjs.org/child_process
22 verbose request no auth needed
23 info attempt registry request try #1 at 2:02:47 PM
24 verbose request using bearer token for auth
25 verbose request id 4e3a8150cf3104a0
26 http request GET https://registry.npmjs.org/child_process
27 http 404 https://registry.npmjs.org/child_process
28 verbose headers { 'content-type': 'application/json',
28 verbose headers   'cache-control': 'max-age=0',
28 verbose headers   'content-length': '2',
28 verbose headers   'accept-ranges': 'bytes',
28 verbose headers   date: 'Fri, 25 Mar 2016 06:02:49 GMT',
28 verbose headers   via: '1.1 varnish',
28 verbose headers   connection: 'keep-alive',
28 verbose headers   'x-served-by': 'cache-ams4121-AMS',
28 verbose headers   'x-cache': 'MISS',
28 verbose headers   'x-cache-hits': '0',
28 verbose headers   'x-timer': 'S1458885769.270463,VS0,VE403' }
29 silly get cb [ 404,
29 silly get   { 'content-type': 'application/json',
29 silly get     'cache-control': 'max-age=0',
29 silly get     'content-length': '2',
29 silly get     'accept-ranges': 'bytes',
29 silly get     date: 'Fri, 25 Mar 2016 06:02:49 GMT',
29 silly get     via: '1.1 varnish',
29 silly get     connection: 'keep-alive',
29 silly get     'x-served-by': 'cache-ams4121-AMS',
29 silly get     'x-cache': 'MISS',
29 silly get     'x-cache-hits': '0',
29 silly get     'x-timer': 'S1458885769.270463,VS0,VE403' } ]
30 verbose stack Error: Registry returned 404 for GET on https://registry.npmjs.org/child_process
30 verbose stack     at makeError (/usr/local/lib/node_modules/npm/node_modules/npm-registry-client/lib/request.js:264:12)
30 verbose stack     at CachingRegistryClient.<anonymous> (/usr/local/lib/node_modules/npm/node_modules/npm-registry-client/lib/request.js:242:14)
30 verbose stack     at Request._callback (/usr/local/lib/node_modules/npm/node_modules/npm-registry-client/lib/request.js:172:14)
30 verbose stack     at Request.self.callback (/usr/local/lib/node_modules/npm/node_modules/request/request.js:198:22)
30 verbose stack     at emitTwo (events.js:87:13)
30 verbose stack     at Request.emit (events.js:172:7)
30 verbose stack     at Request.<anonymous> (/usr/local/lib/node_modules/npm/node_modules/request/request.js:1082:10)
30 verbose stack     at emitOne (events.js:82:20)
30 verbose stack     at Request.emit (events.js:169:7)
30 verbose stack     at IncomingMessage.<anonymous> (/usr/local/lib/node_modules/npm/node_modules/request/request.js:1009:12)
31 verbose statusCode 404
32 verbose pkgid child_process
33 verbose cwd /Users/zhezhao/C/NodeProjects/NodeJS
34 error Darwin 15.3.0
35 error argv "/usr/local/bin/node" "/usr/local/bin/npm" "install" "child_process"
36 error node v4.2.6
37 error npm  v2.14.12
38 error code E404
39 error 404 Registry returned 404 for GET on https://registry.npmjs.org/child_process
39 error 404
39 error 404 'child_process' is not in the npm registry.
39 error 404 Your package name is not valid, because
39 error 404
39 error 404  1. child_process is a core module name
39 error 404 It was specified as a dependency of 'nodejs'
39 error 404
39 error 404 Note that you can also install from a
39 error 404 tarball, folder, http url, or git url.
40 verbose exit [ 1, true ]
